<?xml version="1.0" encoding="UTF-8"?>
<!-- Generated by org.testng.reporters.JUnitReportReporter -->
<testsuite hostname="Pullareddy-HP" failures="0" tests="2" name="com.test.AppTesst" time="1.101" errors="0" timestamp="2023-04-25T17:03:55 IST" skipped="0">
  <testcase classname="com.test.AppTesst" name="testlogin2" time="0.003"/>
  <system-out/>
  <testcase classname="com.test.AppTesst" name="testlogin1" time="1.098"/>
  <system-out/>
</testsuite> <!-- com.test.AppTesst -->
