<?xml version="1.0" encoding="UTF-8"?>
<!-- Generated by org.testng.reporters.JUnitReportReporter -->
<testsuite hostname="Pullareddy-HP" failures="0" tests="1" name="com.test.Login" time="39.503" errors="0" timestamp="2023-04-27T17:54:35 IST" skipped="0">
  <testcase classname="com.test.Login" name="login" time="39.503"/>
  <system-out/>
</testsuite> <!-- com.test.Login -->
