<?xml version="1.0" encoding="UTF-8"?>
<!-- Generated by org.testng.reporters.JUnitReportReporter -->
<testsuite hostname="Pullareddy-HP" failures="0" tests="2" name="com.test.AppTesst" time="0.067" errors="0" timestamp="2023-04-27T17:54:35 IST" skipped="0">
  <testcase classname="com.test.AppTesst" name="testlogin2" time="0.001"/>
  <system-out/>
  <testcase classname="com.test.AppTesst" name="testlogin1" time="0.066"/>
  <system-out/>
</testsuite> <!-- com.test.AppTesst -->
